0 info it worked if it ends with ok
1 verbose cli [ '/usr/bin/node', '/usr/bin/npm', 'start' ]
2 info using npm@3.5.2
3 info using node@v8.10.0
4 verbose run-script [ 'prestart', 'start', 'poststart' ]
5 info lifecycle proton-template-app@1.0.0~prestart: proton-template-app@1.0.0
6 silly lifecycle proton-template-app@1.0.0~prestart: no script for prestart, continuing
7 info lifecycle proton-template-app@1.0.0~start: proton-template-app@1.0.0
8 verbose lifecycle proton-template-app@1.0.0~start: unsafe-perm in lifecycle true
9 verbose lifecycle proton-template-app@1.0.0~start: PATH: /usr/share/npm/bin/node-gyp-bin:/mnt/c/Users/asus/Desktop/Files/wf-electron/photon/template-app/node_modules/.bin:/usr/local/sbin:/usr/local/bin:/usr/sbin:/usr/bin:/sbin:/bin:/usr/games:/usr/local/games:/mnt/c/Program Files (x86)/Intel/iCLS Client:/mnt/c/Program Files/Intel/iCLS Client:/mnt/c/Windows/System32:/mnt/c/Windows:/mnt/c/Windows/System32/wbem:/mnt/c/Windows/System32/WindowsPowerShell/v1.0:/mnt/c/Program Files (x86)/NVIDIA Corporation/PhysX/Common:/mnt/c/Program Files (x86)/Intel/Intel(R) Management Engine Components/DAL:/mnt/c/Program Files/Intel/Intel(R) Management Engine Components/DAL:/mnt/c/Program Files (x86)/Intel/Intel(R) Management Engine Components/IPT:/mnt/c/Program Files/Intel/Intel(R) Management Engine Components/IPT:/mnt/c/Program Files/Intel/WiFi/bin:/mnt/c/Program Files/Common Files/Intel/WirelessCommon:/mnt/c/Windows/System32:/mnt/c/Windows:/mnt/c/Windows/System32/wbem:/mnt/c/Windows/System32/WindowsPowerShell/v1.0:/mnt/c/Windows/System32/OpenSSH:/mnt/c/Program Files/dotnet:/mnt/c/Users/asus/AppData/Local/Microsoft/WindowsApps:/mnt/c/Users/asus/AppData/Local/Programs/Microsoft VS Code/bin:/snap/bin:/home/fwaz/.dotnet/tools
10 verbose lifecycle proton-template-app@1.0.0~start: CWD: /mnt/c/Users/asus/Desktop/Files/wf-electron/photon/template-app
11 silly lifecycle proton-template-app@1.0.0~start: Args: [ '-c', 'electron .' ]
12 info lifecycle proton-template-app@1.0.0~start: Failed to exec start script
13 verbose stack Error: proton-template-app@1.0.0 start: `electron .`
13 verbose stack spawn ENOENT
13 verbose stack     at ChildProcess.<anonymous> (/usr/share/npm/lib/utils/spawn.js:17:16)
13 verbose stack     at emitTwo (events.js:126:13)
13 verbose stack     at ChildProcess.emit (events.js:214:7)
13 verbose stack     at maybeClose (internal/child_process.js:925:16)
13 verbose stack     at Process.ChildProcess._handle.onexit (internal/child_process.js:209:5)
14 verbose pkgid proton-template-app@1.0.0
15 verbose cwd /mnt/c/Users/asus/Desktop/Files/wf-electron/photon/template-app
16 error Linux 4.4.0-17134-Microsoft
17 error argv "/usr/bin/node" "/usr/bin/npm" "start"
18 error node v8.10.0
19 error npm  v3.5.2
20 error file sh
21 error code ELIFECYCLE
22 error errno ENOENT
23 error syscall spawn
24 error proton-template-app@1.0.0 start: `electron .`
24 error spawn ENOENT
25 error Failed at the proton-template-app@1.0.0 start script 'electron .'.
25 error Make sure you have the latest version of node.js and npm installed.
25 error If you do, this is most likely a problem with the proton-template-app package,
25 error not with npm itself.
25 error Tell the author that this fails on your system:
25 error     electron .
25 error You can get information on how to open an issue for this project with:
25 error     npm bugs proton-template-app
25 error Or if that isn't available, you can get their info via:
25 error     npm owner ls proton-template-app
25 error There is likely additional logging output above.
26 verbose exit [ 1, true ]
